<?xml version="1.0" encoding="UTF-8"?>
<testng-results ignored="0" total="4" passed="4" failed="0" skipped="0">
  <reporter-output>
  </reporter-output>
  <suite started-at="2025-03-09T13:40:02 IST" name="Surefire suite" finished-at="2025-03-09T13:40:02 IST" duration-ms="47">
    <groups>
    </groups>
    <test started-at="2025-03-09T13:40:02 IST" name="Surefire test" finished-at="2025-03-09T13:40:02 IST" duration-ms="47">
      <class name="pac1.ContactTest">
        <test-method signature="createcontactTest()[pri:0, instance:pac1.ContactTest@11a9e7c8]" started-at="2025-03-09T13:40:02 IST" name="createcontactTest" finished-at="2025-03-09T13:40:02 IST" duration-ms="5" status="PASS">
          <reporter-output>
          </reporter-output>
        </test-method> <!-- createcontactTest -->
        <test-method signature="modifycontactTest()[pri:0, instance:pac1.ContactTest@11a9e7c8]" started-at="2025-03-09T13:40:02 IST" name="modifycontactTest" finished-at="2025-03-09T13:40:02 IST" duration-ms="2" status="PASS">
          <reporter-output>
          </reporter-output>
        </test-method> <!-- modifycontactTest -->
      </class> <!-- pac1.ContactTest -->
      <class name="pac2.OrgTest">
        <test-method signature="createorgTest()[pri:0, instance:pac2.OrgTest@65d6b83b]" started-at="2025-03-09T13:40:02 IST" name="createorgTest" finished-at="2025-03-09T13:40:02 IST" duration-ms="2" status="PASS">
          <reporter-output>
          </reporter-output>
        </test-method> <!-- createorgTest -->
        <test-method signature="modifyorgTest()[pri:0, instance:pac2.OrgTest@65d6b83b]" started-at="2025-03-09T13:40:02 IST" name="modifyorgTest" finished-at="2025-03-09T13:40:02 IST" duration-ms="1" status="PASS">
          <reporter-output>
          </reporter-output>
        </test-method> <!-- modifyorgTest -->
      </class> <!-- pac2.OrgTest -->
    </test> <!-- Surefire test -->
  </suite> <!-- Surefire suite -->
</testng-results>
