<?xml version="1.0" encoding="UTF-8"?>
<!-- Generated by org.testng.reporters.JUnitXMLReporter -->
<testsuite ignored="0" hostname="Arun" failures="0" tests="4" name="Surefire test" time="0.047" errors="0" timestamp="2025-03-09T13:40:02 IST">
  <testcase classname="pac1.ContactTest" name="createcontactTest" time="0.005"/>
  <testcase classname="pac1.ContactTest" name="modifycontactTest" time="0.002"/>
  <testcase classname="pac2.OrgTest" name="createorgTest" time="0.002"/>
  <testcase classname="pac2.OrgTest" name="modifyorgTest" time="0.001"/>
</testsuite> <!-- Surefire test -->
